2026-03-21 00:08:03,171 - INFO - [Startup] Starting up...
2026-03-21 00:08:03,180 - INFO - [Startup] SQLite database found at ./cache\nba_cache.db
2026-03-21 00:08:03,180 - INFO - [Startup] No cache timestamp found, will fetch fresh data
2026-03-21 00:08:03,183 - INFO - [Startup] Cache loaded: False
2026-03-21 00:08:03,183 - INFO - [Startup] Fetching from API...
2026-03-21 00:08:04,852 - INFO - HTTP Request: GET https://nbafantasy.nba.com/api/bootstrap-static/ "HTTP/1.1 200 OK"
2026-03-21 00:08:05,160 - INFO - HTTP Request: GET https://nbafantasy.nba.com/api/event/141/live/ "HTTP/1.1 200 OK"
2026-03-21 00:08:05,587 - INFO - HTTP Request: GET https://nbafantasy.nba.com/api/fixtures/?event=141 "HTTP/1.1 200 OK"
2026-03-21 00:08:06,085 - INFO - HTTP Request: GET https://nbafantasy.nba.com/api/leagues-classic/1653/standings/?phase=23 "HTTP/1.1 200 OK"
2026-03-21 00:08:06,486 - INFO - HTTP Request: GET https://nbafantasy.nba.com/api/entry/6441/event/141/picks/ "HTTP/1.1 200 OK"
2026-03-21 00:08:07,411 - INFO - HTTP Request: GET https://nbafantasy.nba.com/api/entry/14/event/141/picks/ "HTTP/1.1 200 OK"
2026-03-21 00:08:08,304 - INFO - HTTP Request: GET https://nbafantasy.nba.com/api/entry/23/event/141/picks/ "HTTP/1.1 200 OK"
2026-03-21 00:08:09,253 - INFO - HTTP Request: GET https://nbafantasy.nba.com/api/entry/10/event/141/picks/ "HTTP/1.1 200 OK"
2026-03-21 00:08:10,140 - INFO - HTTP Request: GET https://nbafantasy.nba.com/api/entry/17/event/141/picks/ "HTTP/1.1 200 OK"
2026-03-21 00:08:11,113 - INFO - HTTP Request: GET https://nbafantasy.nba.com/api/entry/5095/event/141/picks/ "HTTP/1.1 200 OK"
2026-03-21 00:08:12,037 - INFO - HTTP Request: GET https://nbafantasy.nba.com/api/entry/6412/event/141/picks/ "HTTP/1.1 200 OK"
2026-03-21 00:08:12,962 - INFO - HTTP Request: GET https://nbafantasy.nba.com/api/entry/4/event/141/picks/ "HTTP/1.1 200 OK"
2026-03-21 00:08:13,959 - INFO - HTTP Request: GET https://nbafantasy.nba.com/api/entry/11/event/141/picks/ "HTTP/1.1 200 OK"
2026-03-21 00:08:14,845 - INFO - HTTP Request: GET https://nbafantasy.nba.com/api/entry/5467/event/141/picks/ "HTTP/1.1 200 OK"
2026-03-21 00:08:15,785 - INFO - HTTP Request: GET https://nbafantasy.nba.com/api/entry/189/event/141/picks/ "HTTP/1.1 200 OK"
2026-03-21 00:08:16,670 - INFO - HTTP Request: GET https://nbafantasy.nba.com/api/entry/8580/event/141/picks/ "HTTP/1.1 200 OK"
2026-03-21 00:08:17,556 - INFO - HTTP Request: GET https://nbafantasy.nba.com/api/entry/2/event/141/picks/ "HTTP/1.1 200 OK"
2026-03-21 00:08:18,160 - INFO - HTTP Request: GET https://nbafantasy.nba.com/api/entry/6/event/141/picks/ "HTTP/1.1 200 OK"
2026-03-21 00:08:18,771 - INFO - HTTP Request: GET https://nbafantasy.nba.com/api/entry/5101/event/141/picks/ "HTTP/1.1 200 OK"
2026-03-21 00:08:19,698 - INFO - HTTP Request: GET https://nbafantasy.nba.com/api/entry/9/event/141/picks/ "HTTP/1.1 200 OK"
2026-03-21 00:08:20,304 - INFO - HTTP Request: GET https://nbafantasy.nba.com/api/entry/42/event/141/picks/ "HTTP/1.1 200 OK"
2026-03-21 00:08:21,236 - INFO - HTTP Request: GET https://nbafantasy.nba.com/api/entry/4319/event/141/picks/ "HTTP/1.1 200 OK"
2026-03-21 00:08:21,857 - INFO - HTTP Request: GET https://nbafantasy.nba.com/api/entry/6562/event/141/picks/ "HTTP/1.1 200 OK"
2026-03-21 00:08:22,868 - INFO - HTTP Request: GET https://nbafantasy.nba.com/api/entry/4224/event/141/picks/ "HTTP/1.1 200 OK"
2026-03-21 00:08:23,791 - INFO - HTTP Request: GET https://nbafantasy.nba.com/api/entry/15/event/141/picks/ "HTTP/1.1 200 OK"
2026-03-21 00:08:24,709 - INFO - HTTP Request: GET https://nbafantasy.nba.com/api/entry/16447/event/141/picks/ "HTTP/1.1 200 OK"
2026-03-21 00:08:25,636 - INFO - HTTP Request: GET https://nbafantasy.nba.com/api/entry/32/event/141/picks/ "HTTP/1.1 200 OK"
2026-03-21 00:08:26,549 - INFO - HTTP Request: GET https://nbafantasy.nba.com/api/entry/22761/event/141/picks/ "HTTP/1.1 200 OK"
2026-03-21 00:08:27,447 - INFO - HTTP Request: GET https://nbafantasy.nba.com/api/entry/5410/event/141/picks/ "HTTP/1.1 200 OK"
2026-03-21 00:08:28,335 - INFO - HTTP Request: GET https://nbafantasy.nba.com/api/entry/3455/event/141/picks/ "HTTP/1.1 200 OK"
2026-03-21 00:08:28,939 - INFO - HTTP Request: GET https://nbafantasy.nba.com/api/fixtures/?event=141 "HTTP/1.1 200 OK"
2026-03-21 00:08:28,943 - INFO - [Startup] Initial data fetch completed
2026-03-21 00:08:28,949 - INFO - [Startup] Background task started
2026-03-21 00:08:30,331 - INFO - HTTP Request: GET https://nbafantasy.nba.com/api/event/141/live/ "HTTP/1.1 200 OK"
2026-03-21 00:08:30,441 - INFO - HTTP Request: GET https://nbafantasy.nba.com/api/fixtures/?event=141 "HTTP/1.1 200 OK"
2026-03-21 00:08:30,583 - INFO - HTTP Request: GET https://nbafantasy.nba.com/api/leagues-classic/1653/standings/?phase=23 "HTTP/1.1 200 OK"
2026-03-21 00:08:30,692 - INFO - HTTP Request: GET https://nbafantasy.nba.com/api/entry/6441/event/141/picks/ "HTTP/1.1 200 OK"
2026-03-21 00:08:31,280 - INFO - HTTP Request: GET https://nbafantasy.nba.com/api/entry/14/event/141/picks/ "HTTP/1.1 200 OK"
2026-03-21 00:08:31,896 - INFO - HTTP Request: GET https://nbafantasy.nba.com/api/entry/23/event/141/picks/ "HTTP/1.1 200 OK"
2026-03-21 00:08:32,499 - INFO - HTTP Request: GET https://nbafantasy.nba.com/api/entry/10/event/141/picks/ "HTTP/1.1 200 OK"
2026-03-21 00:08:33,113 - INFO - HTTP Request: GET https://nbafantasy.nba.com/api/entry/17/event/141/picks/ "HTTP/1.1 200 OK"
2026-03-21 00:08:33,711 - INFO - HTTP Request: GET https://nbafantasy.nba.com/api/entry/5095/event/141/picks/ "HTTP/1.1 200 OK"
2026-03-21 00:08:34,312 - INFO - HTTP Request: GET https://nbafantasy.nba.com/api/entry/6412/event/141/picks/ "HTTP/1.1 200 OK"
2026-03-21 00:08:34,925 - INFO - HTTP Request: GET https://nbafantasy.nba.com/api/entry/4/event/141/picks/ "HTTP/1.1 200 OK"
2026-03-21 00:08:35,529 - INFO - HTTP Request: GET https://nbafantasy.nba.com/api/entry/11/event/141/picks/ "HTTP/1.1 200 OK"
2026-03-21 00:08:36,138 - INFO - HTTP Request: GET https://nbafantasy.nba.com/api/entry/5467/event/141/picks/ "HTTP/1.1 200 OK"
2026-03-21 00:08:36,718 - INFO - HTTP Request: GET https://nbafantasy.nba.com/api/entry/189/event/141/picks/ "HTTP/1.1 200 OK"
2026-03-21 00:08:37,319 - INFO - HTTP Request: GET https://nbafantasy.nba.com/api/entry/8580/event/141/picks/ "HTTP/1.1 200 OK"
2026-03-21 00:08:37,944 - INFO - HTTP Request: GET https://nbafantasy.nba.com/api/entry/2/event/141/picks/ "HTTP/1.1 200 OK"
2026-03-21 00:08:38,550 - INFO - HTTP Request: GET https://nbafantasy.nba.com/api/entry/6/event/141/picks/ "HTTP/1.1 200 OK"
2026-03-21 00:08:39,127 - INFO - HTTP Request: GET https://nbafantasy.nba.com/api/entry/5101/event/141/picks/ "HTTP/1.1 200 OK"
2026-03-21 00:08:39,731 - INFO - HTTP Request: GET https://nbafantasy.nba.com/api/entry/9/event/141/picks/ "HTTP/1.1 200 OK"
2026-03-21 00:08:40,353 - INFO - HTTP Request: GET https://nbafantasy.nba.com/api/entry/42/event/141/picks/ "HTTP/1.1 200 OK"
2026-03-21 00:08:40,960 - INFO - HTTP Request: GET https://nbafantasy.nba.com/api/entry/4319/event/141/picks/ "HTTP/1.1 200 OK"
2026-03-21 00:08:41,561 - INFO - HTTP Request: GET https://nbafantasy.nba.com/api/entry/6562/event/141/picks/ "HTTP/1.1 200 OK"
2026-03-21 00:08:42,160 - INFO - HTTP Request: GET https://nbafantasy.nba.com/api/entry/4224/event/141/picks/ "HTTP/1.1 200 OK"
2026-03-21 00:08:42,764 - INFO - HTTP Request: GET https://nbafantasy.nba.com/api/entry/15/event/141/picks/ "HTTP/1.1 200 OK"
2026-03-21 00:08:43,359 - INFO - HTTP Request: GET https://nbafantasy.nba.com/api/entry/16447/event/141/picks/ "HTTP/1.1 200 OK"
2026-03-21 00:08:43,979 - INFO - HTTP Request: GET https://nbafantasy.nba.com/api/entry/32/event/141/picks/ "HTTP/1.1 200 OK"
2026-03-21 00:08:44,602 - INFO - HTTP Request: GET https://nbafantasy.nba.com/api/entry/22761/event/141/picks/ "HTTP/1.1 200 OK"
2026-03-21 00:08:45,212 - INFO - HTTP Request: GET https://nbafantasy.nba.com/api/entry/5410/event/141/picks/ "HTTP/1.1 200 OK"
2026-03-21 00:08:45,826 - INFO - HTTP Request: GET https://nbafantasy.nba.com/api/entry/3455/event/141/picks/ "HTTP/1.1 200 OK"
2026-03-21 00:08:46,431 - INFO - HTTP Request: GET https://nbafantasy.nba.com/api/fixtures/?event=141 "HTTP/1.1 200 OK"
2026-03-21 00:09:46,820 - INFO - HTTP Request: GET https://nbafantasy.nba.com/api/event/141/live/ "HTTP/1.1 200 OK"
2026-03-21 00:09:46,902 - INFO - HTTP Request: GET https://nbafantasy.nba.com/api/fixtures/?event=141 "HTTP/1.1 200 OK"
2026-03-21 00:09:47,350 - INFO - HTTP Request: GET https://nbafantasy.nba.com/api/leagues-classic/1653/standings/?phase=23 "HTTP/1.1 200 OK"
2026-03-21 00:09:47,720 - INFO - HTTP Request: GET https://nbafantasy.nba.com/api/entry/6441/event/141/picks/ "HTTP/1.1 200 OK"
2026-03-21 00:09:48,680 - INFO - HTTP Request: GET https://nbafantasy.nba.com/api/entry/14/event/141/picks/ "HTTP/1.1 200 OK"
2026-03-21 00:09:49,533 - INFO - HTTP Request: GET https://nbafantasy.nba.com/api/entry/23/event/141/picks/ "HTTP/1.1 200 OK"
2026-03-21 00:09:50,138 - INFO - HTTP Request: GET https://nbafantasy.nba.com/api/entry/10/event/141/picks/ "HTTP/1.1 200 OK"
2026-03-21 00:09:50,724 - INFO - HTTP Request: GET https://nbafantasy.nba.com/api/entry/17/event/141/picks/ "HTTP/1.1 200 OK"
2026-03-21 00:09:51,647 - INFO - HTTP Request: GET https://nbafantasy.nba.com/api/entry/5095/event/141/picks/ "HTTP/1.1 200 OK"
2026-03-21 00:09:52,573 - INFO - HTTP Request: GET https://nbafantasy.nba.com/api/entry/6412/event/141/picks/ "HTTP/1.1 200 OK"
2026-03-21 00:09:53,490 - INFO - HTTP Request: GET https://nbafantasy.nba.com/api/entry/4/event/141/picks/ "HTTP/1.1 200 OK"
2026-03-21 00:09:54,350 - INFO - HTTP Request: GET https://nbafantasy.nba.com/api/entry/11/event/141/picks/ "HTTP/1.1 200 OK"
2026-03-21 00:09:55,235 - INFO - HTTP Request: GET https://nbafantasy.nba.com/api/entry/5467/event/141/picks/ "HTTP/1.1 200 OK"
2026-03-21 00:09:56,159 - INFO - HTTP Request: GET https://nbafantasy.nba.com/api/entry/189/event/141/picks/ "HTTP/1.1 200 OK"
2026-03-21 00:09:57,016 - INFO - HTTP Request: GET https://nbafantasy.nba.com/api/entry/8580/event/141/picks/ "HTTP/1.1 200 OK"
2026-03-21 00:09:58,002 - INFO - HTTP Request: GET https://nbafantasy.nba.com/api/entry/2/event/141/picks/ "HTTP/1.1 200 OK"
2026-03-21 00:09:58,598 - INFO - HTTP Request: GET https://nbafantasy.nba.com/api/entry/6/event/141/picks/ "HTTP/1.1 200 OK"
2026-03-21 00:09:59,431 - INFO - HTTP Request: GET https://nbafantasy.nba.com/api/entry/5101/event/141/picks/ "HTTP/1.1 200 OK"
2026-03-21 00:10:00,345 - INFO - HTTP Request: GET https://nbafantasy.nba.com/api/entry/9/event/141/picks/ "HTTP/1.1 200 OK"
2026-03-21 00:10:01,346 - INFO - HTTP Request: GET https://nbafantasy.nba.com/api/entry/42/event/141/picks/ "HTTP/1.1 200 OK"
2026-03-21 00:10:02,206 - INFO - HTTP Request: GET https://nbafantasy.nba.com/api/entry/4319/event/141/picks/ "HTTP/1.1 200 OK"
2026-03-21 00:10:02,790 - INFO - HTTP Request: GET https://nbafantasy.nba.com/api/entry/6562/event/141/picks/ "HTTP/1.1 200 OK"
2026-03-21 00:10:03,365 - INFO - HTTP Request: GET https://nbafantasy.nba.com/api/entry/4224/event/141/picks/ "HTTP/1.1 200 OK"
2026-03-21 00:10:04,249 - INFO - HTTP Request: GET https://nbafantasy.nba.com/api/entry/15/event/141/picks/ "HTTP/1.1 200 OK"
2026-03-21 00:10:04,840 - INFO - HTTP Request: GET https://nbafantasy.nba.com/api/entry/16447/event/141/picks/ "HTTP/1.1 200 OK"
2026-03-21 00:10:05,841 - INFO - HTTP Request: GET https://nbafantasy.nba.com/api/entry/32/event/141/picks/ "HTTP/1.1 200 OK"
2026-03-21 00:10:06,706 - INFO - HTTP Request: GET https://nbafantasy.nba.com/api/entry/22761/event/141/picks/ "HTTP/1.1 200 OK"
2026-03-21 00:10:07,628 - INFO - HTTP Request: GET https://nbafantasy.nba.com/api/entry/5410/event/141/picks/ "HTTP/1.1 200 OK"
2026-03-21 00:10:08,548 - INFO - HTTP Request: GET https://nbafantasy.nba.com/api/entry/3455/event/141/picks/ "HTTP/1.1 200 OK"
2026-03-21 00:10:09,127 - INFO - HTTP Request: GET https://nbafantasy.nba.com/api/fixtures/?event=141 "HTTP/1.1 200 OK"
2026-03-21 00:11:09,511 - INFO - HTTP Request: GET https://nbafantasy.nba.com/api/event/141/live/ "HTTP/1.1 200 OK"
2026-03-21 00:11:09,609 - INFO - HTTP Request: GET https://nbafantasy.nba.com/api/fixtures/?event=141 "HTTP/1.1 200 OK"
2026-03-21 00:11:09,707 - INFO - HTTP Request: GET https://nbafantasy.nba.com/api/leagues-classic/1653/standings/?phase=23 "HTTP/1.1 200 OK"
2026-03-21 00:11:09,793 - INFO - HTTP Request: GET https://nbafantasy.nba.com/api/entry/6441/event/141/picks/ "HTTP/1.1 200 OK"
2026-03-21 00:11:10,391 - INFO - HTTP Request: GET https://nbafantasy.nba.com/api/entry/14/event/141/picks/ "HTTP/1.1 200 OK"
2026-03-21 00:11:10,979 - INFO - HTTP Request: GET https://nbafantasy.nba.com/api/entry/23/event/141/picks/ "HTTP/1.1 200 OK"
2026-03-21 00:11:11,567 - INFO - HTTP Request: GET https://nbafantasy.nba.com/api/entry/10/event/141/picks/ "HTTP/1.1 200 OK"
2026-03-21 00:11:12,145 - INFO - HTTP Request: GET https://nbafantasy.nba.com/api/entry/17/event/141/picks/ "HTTP/1.1 200 OK"
2026-03-21 00:11:12,730 - INFO - HTTP Request: GET https://nbafantasy.nba.com/api/entry/5095/event/141/picks/ "HTTP/1.1 200 OK"
2026-03-21 00:11:13,318 - INFO - HTTP Request: GET https://nbafantasy.nba.com/api/entry/6412/event/141/picks/ "HTTP/1.1 200 OK"
2026-03-21 00:11:13,913 - INFO - HTTP Request: GET https://nbafantasy.nba.com/api/entry/4/event/141/picks/ "HTTP/1.1 200 OK"
2026-03-21 00:11:14,490 - INFO - HTTP Request: GET https://nbafantasy.nba.com/api/entry/11/event/141/picks/ "HTTP/1.1 200 OK"
2026-03-21 00:11:15,071 - INFO - HTTP Request: GET https://nbafantasy.nba.com/api/entry/5467/event/141/picks/ "HTTP/1.1 200 OK"
2026-03-21 00:11:15,650 - INFO - HTTP Request: GET https://nbafantasy.nba.com/api/entry/189/event/141/picks/ "HTTP/1.1 200 OK"
2026-03-21 00:11:16,257 - INFO - HTTP Request: GET https://nbafantasy.nba.com/api/entry/8580/event/141/picks/ "HTTP/1.1 200 OK"
2026-03-21 00:11:16,857 - INFO - HTTP Request: GET https://nbafantasy.nba.com/api/entry/2/event/141/picks/ "HTTP/1.1 200 OK"
2026-03-21 00:11:17,453 - INFO - HTTP Request: GET https://nbafantasy.nba.com/api/entry/6/event/141/picks/ "HTTP/1.1 200 OK"
2026-03-21 00:11:18,036 - INFO - HTTP Request: GET https://nbafantasy.nba.com/api/entry/5101/event/141/picks/ "HTTP/1.1 200 OK"
2026-03-21 00:11:18,627 - INFO - HTTP Request: GET https://nbafantasy.nba.com/api/entry/9/event/141/picks/ "HTTP/1.1 200 OK"
2026-03-21 00:11:19,204 - INFO - HTTP Request: GET https://nbafantasy.nba.com/api/entry/42/event/141/picks/ "HTTP/1.1 200 OK"
2026-03-21 00:11:19,797 - INFO - HTTP Request: GET https://nbafantasy.nba.com/api/entry/4319/event/141/picks/ "HTTP/1.1 200 OK"
2026-03-21 00:11:20,360 - INFO - HTTP Request: GET https://nbafantasy.nba.com/api/entry/6562/event/141/picks/ "HTTP/1.1 200 OK"
2026-03-21 00:11:20,949 - INFO - HTTP Request: GET https://nbafantasy.nba.com/api/entry/4224/event/141/picks/ "HTTP/1.1 200 OK"
2026-03-21 00:11:21,538 - INFO - HTTP Request: GET https://nbafantasy.nba.com/api/entry/15/event/141/picks/ "HTTP/1.1 200 OK"
2026-03-21 00:11:22,128 - INFO - HTTP Request: GET https://nbafantasy.nba.com/api/entry/16447/event/141/picks/ "HTTP/1.1 200 OK"
2026-03-21 00:11:22,705 - INFO - HTTP Request: GET https://nbafantasy.nba.com/api/entry/32/event/141/picks/ "HTTP/1.1 200 OK"
2026-03-21 00:11:23,322 - INFO - HTTP Request: GET https://nbafantasy.nba.com/api/entry/22761/event/141/picks/ "HTTP/1.1 200 OK"
2026-03-21 00:11:23,920 - INFO - HTTP Request: GET https://nbafantasy.nba.com/api/entry/5410/event/141/picks/ "HTTP/1.1 200 OK"
2026-03-21 00:11:24,501 - INFO - HTTP Request: GET https://nbafantasy.nba.com/api/entry/3455/event/141/picks/ "HTTP/1.1 200 OK"
2026-03-21 00:11:25,087 - INFO - HTTP Request: GET https://nbafantasy.nba.com/api/fixtures/?event=141 "HTTP/1.1 200 OK"
2026-03-21 00:12:25,505 - INFO - HTTP Request: GET https://nbafantasy.nba.com/api/event/141/live/ "HTTP/1.1 200 OK"
2026-03-21 00:12:25,602 - INFO - HTTP Request: GET https://nbafantasy.nba.com/api/fixtures/?event=141 "HTTP/1.1 200 OK"
2026-03-21 00:12:26,180 - INFO - HTTP Request: GET https://nbafantasy.nba.com/api/leagues-classic/1653/standings/?phase=23 "HTTP/1.1 200 OK"
2026-03-21 00:12:26,689 - INFO - HTTP Request: GET https://nbafantasy.nba.com/api/entry/6441/event/141/picks/ "HTTP/1.1 200 OK"
2026-03-21 00:12:27,707 - INFO - HTTP Request: GET https://nbafantasy.nba.com/api/entry/14/event/141/picks/ "HTTP/1.1 200 OK"
2026-03-21 00:12:28,649 - INFO - HTTP Request: GET https://nbafantasy.nba.com/api/entry/23/event/141/picks/ "HTTP/1.1 200 OK"
2026-03-21 00:12:29,658 - INFO - HTTP Request: GET https://nbafantasy.nba.com/api/entry/10/event/141/picks/ "HTTP/1.1 200 OK"
2026-03-21 00:12:30,684 - INFO - HTTP Request: GET https://nbafantasy.nba.com/api/entry/17/event/141/picks/ "HTTP/1.1 200 OK"
2026-03-21 00:12:31,637 - INFO - HTTP Request: GET https://nbafantasy.nba.com/api/entry/5095/event/141/picks/ "HTTP/1.1 200 OK"
2026-03-21 00:12:32,630 - INFO - HTTP Request: GET https://nbafantasy.nba.com/api/entry/6412/event/141/picks/ "HTTP/1.1 200 OK"
2026-03-21 00:12:33,649 - INFO - HTTP Request: GET https://nbafantasy.nba.com/api/entry/4/event/141/picks/ "HTTP/1.1 200 OK"
2026-03-21 00:12:34,673 - INFO - HTTP Request: GET https://nbafantasy.nba.com/api/entry/11/event/141/picks/ "HTTP/1.1 200 OK"
2026-03-21 00:12:35,603 - INFO - HTTP Request: GET https://nbafantasy.nba.com/api/entry/5467/event/141/picks/ "HTTP/1.1 200 OK"
2026-03-21 00:12:36,622 - INFO - HTTP Request: GET https://nbafantasy.nba.com/api/entry/189/event/141/picks/ "HTTP/1.1 200 OK"
2026-03-21 00:12:37,647 - INFO - HTTP Request: GET https://nbafantasy.nba.com/api/entry/8580/event/141/picks/ "HTTP/1.1 200 OK"
2026-03-21 00:12:38,669 - INFO - HTTP Request: GET https://nbafantasy.nba.com/api/entry/2/event/141/picks/ "HTTP/1.1 200 OK"
2026-03-21 00:12:39,694 - INFO - HTTP Request: GET https://nbafantasy.nba.com/api/entry/6/event/141/picks/ "HTTP/1.1 200 OK"
2026-03-21 00:12:40,289 - INFO - HTTP Request: GET https://nbafantasy.nba.com/api/entry/5101/event/141/picks/ "HTTP/1.1 200 OK"
2026-03-21 00:12:40,883 - INFO - HTTP Request: GET https://nbafantasy.nba.com/api/entry/9/event/141/picks/ "HTTP/1.1 200 OK"
2026-03-21 00:12:41,845 - INFO - HTTP Request: GET https://nbafantasy.nba.com/api/entry/42/event/141/picks/ "HTTP/1.1 200 OK"
2026-03-21 00:12:42,871 - INFO - HTTP Request: GET https://nbafantasy.nba.com/api/entry/4319/event/141/picks/ "HTTP/1.1 200 OK"
2026-03-21 00:12:43,893 - INFO - HTTP Request: GET https://nbafantasy.nba.com/api/entry/6562/event/141/picks/ "HTTP/1.1 200 OK"
2026-03-21 00:12:44,921 - INFO - HTTP Request: GET https://nbafantasy.nba.com/api/entry/4224/event/141/picks/ "HTTP/1.1 200 OK"
2026-03-21 00:12:45,939 - INFO - HTTP Request: GET https://nbafantasy.nba.com/api/entry/15/event/141/picks/ "HTTP/1.1 200 OK"
2026-03-21 00:12:46,863 - INFO - HTTP Request: GET https://nbafantasy.nba.com/api/entry/16447/event/141/picks/ "HTTP/1.1 200 OK"
2026-03-21 00:12:47,844 - INFO - HTTP Request: GET https://nbafantasy.nba.com/api/entry/32/event/141/picks/ "HTTP/1.1 200 OK"
2026-03-21 00:12:48,809 - INFO - HTTP Request: GET https://nbafantasy.nba.com/api/entry/22761/event/141/picks/ "HTTP/1.1 200 OK"
2026-03-21 00:12:49,397 - INFO - HTTP Request: GET https://nbafantasy.nba.com/api/entry/5410/event/141/picks/ "HTTP/1.1 200 OK"
2026-03-21 00:12:50,448 - INFO - HTTP Request: GET https://nbafantasy.nba.com/api/entry/3455/event/141/picks/ "HTTP/1.1 200 OK"
2026-03-21 00:12:51,040 - INFO - HTTP Request: GET https://nbafantasy.nba.com/api/fixtures/?event=141 "HTTP/1.1 200 OK"
2026-03-21 00:13:51,505 - INFO - HTTP Request: GET https://nbafantasy.nba.com/api/event/141/live/ "HTTP/1.1 200 OK"
2026-03-21 00:13:51,596 - INFO - HTTP Request: GET https://nbafantasy.nba.com/api/fixtures/?event=141 "HTTP/1.1 200 OK"
2026-03-21 00:13:51,729 - INFO - HTTP Request: GET https://nbafantasy.nba.com/api/leagues-classic/1653/standings/?phase=23 "HTTP/1.1 200 OK"
2026-03-21 00:13:51,812 - INFO - HTTP Request: GET https://nbafantasy.nba.com/api/entry/6441/event/141/picks/ "HTTP/1.1 200 OK"
2026-03-21 00:13:52,404 - INFO - HTTP Request: GET https://nbafantasy.nba.com/api/entry/14/event/141/picks/ "HTTP/1.1 200 OK"
2026-03-21 00:13:52,995 - INFO - HTTP Request: GET https://nbafantasy.nba.com/api/entry/23/event/141/picks/ "HTTP/1.1 200 OK"
2026-03-21 00:13:53,582 - INFO - HTTP Request: GET https://nbafantasy.nba.com/api/entry/10/event/141/picks/ "HTTP/1.1 200 OK"
2026-03-21 00:13:54,176 - INFO - HTTP Request: GET https://nbafantasy.nba.com/api/entry/17/event/141/picks/ "HTTP/1.1 200 OK"
2026-03-21 00:13:54,761 - INFO - HTTP Request: GET https://nbafantasy.nba.com/api/entry/5095/event/141/picks/ "HTTP/1.1 200 OK"
2026-03-21 00:13:55,355 - INFO - HTTP Request: GET https://nbafantasy.nba.com/api/entry/6412/event/141/picks/ "HTTP/1.1 200 OK"
2026-03-21 00:13:55,945 - INFO - HTTP Request: GET https://nbafantasy.nba.com/api/entry/4/event/141/picks/ "HTTP/1.1 200 OK"
2026-03-21 00:13:56,518 - INFO - HTTP Request: GET https://nbafantasy.nba.com/api/entry/11/event/141/picks/ "HTTP/1.1 200 OK"
2026-03-21 00:13:57,123 - INFO - HTTP Request: GET https://nbafantasy.nba.com/api/entry/5467/event/141/picks/ "HTTP/1.1 200 OK"
2026-03-21 00:13:57,704 - INFO - HTTP Request: GET https://nbafantasy.nba.com/api/entry/189/event/141/picks/ "HTTP/1.1 200 OK"
2026-03-21 00:13:58,300 - INFO - HTTP Request: GET https://nbafantasy.nba.com/api/entry/8580/event/141/picks/ "HTTP/1.1 200 OK"
2026-03-21 00:13:58,885 - INFO - HTTP Request: GET https://nbafantasy.nba.com/api/entry/2/event/141/picks/ "HTTP/1.1 200 OK"
2026-03-21 00:13:59,478 - INFO - HTTP Request: GET https://nbafantasy.nba.com/api/entry/6/event/141/picks/ "HTTP/1.1 200 OK"
2026-03-21 00:14:00,075 - INFO - HTTP Request: GET https://nbafantasy.nba.com/api/entry/5101/event/141/picks/ "HTTP/1.1 200 OK"
2026-03-21 00:14:00,664 - INFO - HTTP Request: GET https://nbafantasy.nba.com/api/entry/9/event/141/picks/ "HTTP/1.1 200 OK"
2026-03-21 00:14:01,235 - INFO - HTTP Request: GET https://nbafantasy.nba.com/api/entry/42/event/141/picks/ "HTTP/1.1 200 OK"
2026-03-21 00:14:01,825 - INFO - HTTP Request: GET https://nbafantasy.nba.com/api/entry/4319/event/141/picks/ "HTTP/1.1 200 OK"
2026-03-21 00:14:02,432 - INFO - HTTP Request: GET https://nbafantasy.nba.com/api/entry/6562/event/141/picks/ "HTTP/1.1 200 OK"
2026-03-21 00:14:03,019 - INFO - HTTP Request: GET https://nbafantasy.nba.com/api/entry/4224/event/141/picks/ "HTTP/1.1 200 OK"
2026-03-21 00:14:03,635 - INFO - HTTP Request: GET https://nbafantasy.nba.com/api/entry/15/event/141/picks/ "HTTP/1.1 200 OK"
2026-03-21 00:14:04,219 - INFO - HTTP Request: GET https://nbafantasy.nba.com/api/entry/16447/event/141/picks/ "HTTP/1.1 200 OK"
2026-03-21 00:14:04,815 - INFO - HTTP Request: GET https://nbafantasy.nba.com/api/entry/32/event/141/picks/ "HTTP/1.1 200 OK"
2026-03-21 00:14:05,399 - INFO - HTTP Request: GET https://nbafantasy.nba.com/api/entry/22761/event/141/picks/ "HTTP/1.1 200 OK"
2026-03-21 00:14:05,983 - INFO - HTTP Request: GET https://nbafantasy.nba.com/api/entry/5410/event/141/picks/ "HTTP/1.1 200 OK"
2026-03-21 00:14:06,582 - INFO - HTTP Request: GET https://nbafantasy.nba.com/api/entry/3455/event/141/picks/ "HTTP/1.1 200 OK"
2026-03-21 00:14:07,165 - INFO - HTTP Request: GET https://nbafantasy.nba.com/api/fixtures/?event=141 "HTTP/1.1 200 OK"
2026-03-21 00:15:07,551 - INFO - HTTP Request: GET https://nbafantasy.nba.com/api/event/141/live/ "HTTP/1.1 200 OK"
2026-03-21 00:15:07,646 - INFO - HTTP Request: GET https://nbafantasy.nba.com/api/fixtures/?event=141 "HTTP/1.1 200 OK"
2026-03-21 00:15:07,762 - INFO - HTTP Request: GET https://nbafantasy.nba.com/api/leagues-classic/1653/standings/?phase=23 "HTTP/1.1 200 OK"
2026-03-21 00:15:07,845 - INFO - HTTP Request: GET https://nbafantasy.nba.com/api/entry/6441/event/141/picks/ "HTTP/1.1 200 OK"
2026-03-21 00:15:08,420 - INFO - HTTP Request: GET https://nbafantasy.nba.com/api/entry/14/event/141/picks/ "HTTP/1.1 200 OK"
2026-03-21 00:15:09,002 - INFO - HTTP Request: GET https://nbafantasy.nba.com/api/entry/23/event/141/picks/ "HTTP/1.1 200 OK"
2026-03-21 00:15:09,588 - INFO - HTTP Request: GET https://nbafantasy.nba.com/api/entry/10/event/141/picks/ "HTTP/1.1 200 OK"
2026-03-21 00:15:10,170 - INFO - HTTP Request: GET https://nbafantasy.nba.com/api/entry/17/event/141/picks/ "HTTP/1.1 200 OK"
2026-03-21 00:15:10,760 - INFO - HTTP Request: GET https://nbafantasy.nba.com/api/entry/5095/event/141/picks/ "HTTP/1.1 200 OK"
2026-03-21 00:15:11,337 - INFO - HTTP Request: GET https://nbafantasy.nba.com/api/entry/6412/event/141/picks/ "HTTP/1.1 200 OK"
2026-03-21 00:15:11,907 - INFO - HTTP Request: GET https://nbafantasy.nba.com/api/entry/4/event/141/picks/ "HTTP/1.1 200 OK"
2026-03-21 00:15:12,503 - INFO - HTTP Request: GET https://nbafantasy.nba.com/api/entry/11/event/141/picks/ "HTTP/1.1 200 OK"
2026-03-21 00:15:13,086 - INFO - HTTP Request: GET https://nbafantasy.nba.com/api/entry/5467/event/141/picks/ "HTTP/1.1 200 OK"
2026-03-21 00:15:13,693 - INFO - HTTP Request: GET https://nbafantasy.nba.com/api/entry/189/event/141/picks/ "HTTP/1.1 200 OK"
2026-03-21 00:15:14,275 - INFO - HTTP Request: GET https://nbafantasy.nba.com/api/entry/8580/event/141/picks/ "HTTP/1.1 200 OK"
2026-03-21 00:15:14,859 - INFO - HTTP Request: GET https://nbafantasy.nba.com/api/entry/2/event/141/picks/ "HTTP/1.1 200 OK"
2026-03-21 00:15:15,442 - INFO - HTTP Request: GET https://nbafantasy.nba.com/api/entry/6/event/141/picks/ "HTTP/1.1 200 OK"
2026-03-21 00:15:16,055 - INFO - HTTP Request: GET https://nbafantasy.nba.com/api/entry/5101/event/141/picks/ "HTTP/1.1 200 OK"
2026-03-21 00:15:16,620 - INFO - HTTP Request: GET https://nbafantasy.nba.com/api/entry/9/event/141/picks/ "HTTP/1.1 200 OK"
2026-03-21 00:15:17,209 - INFO - HTTP Request: GET https://nbafantasy.nba.com/api/entry/42/event/141/picks/ "HTTP/1.1 200 OK"
2026-03-21 00:15:17,781 - INFO - HTTP Request: GET https://nbafantasy.nba.com/api/entry/4319/event/141/picks/ "HTTP/1.1 200 OK"
2026-03-21 00:15:18,367 - INFO - HTTP Request: GET https://nbafantasy.nba.com/api/entry/6562/event/141/picks/ "HTTP/1.1 200 OK"
2026-03-21 00:15:18,954 - INFO - HTTP Request: GET https://nbafantasy.nba.com/api/entry/4224/event/141/picks/ "HTTP/1.1 200 OK"
2026-03-21 00:15:19,536 - INFO - HTTP Request: GET https://nbafantasy.nba.com/api/entry/15/event/141/picks/ "HTTP/1.1 200 OK"
2026-03-21 00:15:20,108 - INFO - HTTP Request: GET https://nbafantasy.nba.com/api/entry/16447/event/141/picks/ "HTTP/1.1 200 OK"
2026-03-21 00:15:20,699 - INFO - HTTP Request: GET https://nbafantasy.nba.com/api/entry/32/event/141/picks/ "HTTP/1.1 200 OK"
2026-03-21 00:15:21,287 - INFO - HTTP Request: GET https://nbafantasy.nba.com/api/entry/22761/event/141/picks/ "HTTP/1.1 200 OK"
2026-03-21 00:15:21,890 - INFO - HTTP Request: GET https://nbafantasy.nba.com/api/entry/5410/event/141/picks/ "HTTP/1.1 200 OK"
2026-03-21 00:15:22,444 - INFO - HTTP Request: GET https://nbafantasy.nba.com/api/entry/3455/event/141/picks/ "HTTP/1.1 200 OK"
2026-03-21 00:15:23,010 - INFO - HTTP Request: GET https://nbafantasy.nba.com/api/fixtures/?event=141 "HTTP/1.1 200 OK"
2026-03-21 00:16:23,448 - INFO - HTTP Request: GET https://nbafantasy.nba.com/api/event/141/live/ "HTTP/1.1 200 OK"
2026-03-21 00:16:23,559 - INFO - HTTP Request: GET https://nbafantasy.nba.com/api/fixtures/?event=141 "HTTP/1.1 200 OK"
2026-03-21 00:16:23,693 - INFO - HTTP Request: GET https://nbafantasy.nba.com/api/leagues-classic/1653/standings/?phase=23 "HTTP/1.1 200 OK"
2026-03-21 00:16:23,779 - INFO - HTTP Request: GET https://nbafantasy.nba.com/api/entry/6441/event/141/picks/ "HTTP/1.1 200 OK"
2026-03-21 00:16:24,369 - INFO - HTTP Request: GET https://nbafantasy.nba.com/api/entry/14/event/141/picks/ "HTTP/1.1 200 OK"
2026-03-21 00:16:24,973 - INFO - HTTP Request: GET https://nbafantasy.nba.com/api/entry/23/event/141/picks/ "HTTP/1.1 200 OK"
2026-03-21 00:16:25,564 - INFO - HTTP Request: GET https://nbafantasy.nba.com/api/entry/10/event/141/picks/ "HTTP/1.1 200 OK"
2026-03-21 00:16:26,158 - INFO - HTTP Request: GET https://nbafantasy.nba.com/api/entry/17/event/141/picks/ "HTTP/1.1 200 OK"
2026-03-21 00:16:26,758 - INFO - HTTP Request: GET https://nbafantasy.nba.com/api/entry/5095/event/141/picks/ "HTTP/1.1 200 OK"
2026-03-21 00:16:27,351 - INFO - HTTP Request: GET https://nbafantasy.nba.com/api/entry/6412/event/141/picks/ "HTTP/1.1 200 OK"
2026-03-21 00:16:27,939 - INFO - HTTP Request: GET https://nbafantasy.nba.com/api/entry/4/event/141/picks/ "HTTP/1.1 200 OK"
2026-03-21 00:16:28,549 - INFO - HTTP Request: GET https://nbafantasy.nba.com/api/entry/11/event/141/picks/ "HTTP/1.1 200 OK"
2026-03-21 00:16:29,142 - INFO - HTTP Request: GET https://nbafantasy.nba.com/api/entry/5467/event/141/picks/ "HTTP/1.1 200 OK"
2026-03-21 00:16:29,736 - INFO - HTTP Request: GET https://nbafantasy.nba.com/api/entry/189/event/141/picks/ "HTTP/1.1 200 OK"
2026-03-21 00:16:30,624 - INFO - HTTP Request: GET https://nbafantasy.nba.com/api/entry/8580/event/141/picks/ "HTTP/1.1 200 OK"
2026-03-21 00:16:31,201 - INFO - HTTP Request: GET https://nbafantasy.nba.com/api/entry/2/event/141/picks/ "HTTP/1.1 200 OK"
2026-03-21 00:16:31,790 - INFO - HTTP Request: GET https://nbafantasy.nba.com/api/entry/6/event/141/picks/ "HTTP/1.1 200 OK"
2026-03-21 00:16:32,373 - INFO - HTTP Request: GET https://nbafantasy.nba.com/api/entry/5101/event/141/picks/ "HTTP/1.1 200 OK"
2026-03-21 00:16:32,968 - INFO - HTTP Request: GET https://nbafantasy.nba.com/api/entry/9/event/141/picks/ "HTTP/1.1 200 OK"
2026-03-21 00:16:33,559 - INFO - HTTP Request: GET https://nbafantasy.nba.com/api/entry/42/event/141/picks/ "HTTP/1.1 200 OK"
2026-03-21 00:16:34,154 - INFO - HTTP Request: GET https://nbafantasy.nba.com/api/entry/4319/event/141/picks/ "HTTP/1.1 200 OK"
2026-03-21 00:16:34,757 - INFO - HTTP Request: GET https://nbafantasy.nba.com/api/entry/6562/event/141/picks/ "HTTP/1.1 200 OK"
2026-03-21 00:16:35,340 - INFO - HTTP Request: GET https://nbafantasy.nba.com/api/entry/4224/event/141/picks/ "HTTP/1.1 200 OK"
2026-03-21 00:16:35,911 - INFO - HTTP Request: GET https://nbafantasy.nba.com/api/entry/15/event/141/picks/ "HTTP/1.1 200 OK"
2026-03-21 00:16:36,485 - INFO - HTTP Request: GET https://nbafantasy.nba.com/api/entry/16447/event/141/picks/ "HTTP/1.1 200 OK"
2026-03-21 00:16:37,074 - INFO - HTTP Request: GET https://nbafantasy.nba.com/api/entry/32/event/141/picks/ "HTTP/1.1 200 OK"
2026-03-21 00:16:37,670 - INFO - HTTP Request: GET https://nbafantasy.nba.com/api/entry/22761/event/141/picks/ "HTTP/1.1 200 OK"
2026-03-21 00:16:38,260 - INFO - HTTP Request: GET https://nbafantasy.nba.com/api/entry/5410/event/141/picks/ "HTTP/1.1 200 OK"
2026-03-21 00:16:38,844 - INFO - HTTP Request: GET https://nbafantasy.nba.com/api/entry/3455/event/141/picks/ "HTTP/1.1 200 OK"
2026-03-21 00:16:39,438 - INFO - HTTP Request: GET https://nbafantasy.nba.com/api/fixtures/?event=141 "HTTP/1.1 200 OK"
2026-03-21 00:17:39,850 - INFO - HTTP Request: GET https://nbafantasy.nba.com/api/event/141/live/ "HTTP/1.1 200 OK"
2026-03-21 00:17:39,949 - INFO - HTTP Request: GET https://nbafantasy.nba.com/api/fixtures/?event=141 "HTTP/1.1 200 OK"
2026-03-21 00:17:40,104 - INFO - HTTP Request: GET https://nbafantasy.nba.com/api/leagues-classic/1653/standings/?phase=23 "HTTP/1.1 200 OK"
2026-03-21 00:17:40,184 - INFO - HTTP Request: GET https://nbafantasy.nba.com/api/entry/6441/event/141/picks/ "HTTP/1.1 200 OK"
2026-03-21 00:17:40,778 - INFO - HTTP Request: GET https://nbafantasy.nba.com/api/entry/14/event/141/picks/ "HTTP/1.1 200 OK"
2026-03-21 00:17:41,368 - INFO - HTTP Request: GET https://nbafantasy.nba.com/api/entry/23/event/141/picks/ "HTTP/1.1 200 OK"
2026-03-21 00:17:41,953 - INFO - HTTP Request: GET https://nbafantasy.nba.com/api/entry/10/event/141/picks/ "HTTP/1.1 200 OK"
2026-03-21 00:17:42,549 - INFO - HTTP Request: GET https://nbafantasy.nba.com/api/entry/17/event/141/picks/ "HTTP/1.1 200 OK"
2026-03-21 00:17:43,124 - INFO - HTTP Request: GET https://nbafantasy.nba.com/api/entry/5095/event/141/picks/ "HTTP/1.1 200 OK"
2026-03-21 00:17:43,710 - INFO - HTTP Request: GET https://nbafantasy.nba.com/api/entry/6412/event/141/picks/ "HTTP/1.1 200 OK"
2026-03-21 00:17:44,298 - INFO - HTTP Request: GET https://nbafantasy.nba.com/api/entry/4/event/141/picks/ "HTTP/1.1 200 OK"
2026-03-21 00:17:44,878 - INFO - HTTP Request: GET https://nbafantasy.nba.com/api/entry/11/event/141/picks/ "HTTP/1.1 200 OK"
2026-03-21 00:17:45,458 - INFO - HTTP Request: GET https://nbafantasy.nba.com/api/entry/5467/event/141/picks/ "HTTP/1.1 200 OK"
2026-03-21 00:17:46,045 - INFO - HTTP Request: GET https://nbafantasy.nba.com/api/entry/189/event/141/picks/ "HTTP/1.1 200 OK"
2026-03-21 00:17:46,607 - INFO - HTTP Request: GET https://nbafantasy.nba.com/api/entry/8580/event/141/picks/ "HTTP/1.1 200 OK"
2026-03-21 00:17:47,198 - INFO - HTTP Request: GET https://nbafantasy.nba.com/api/entry/2/event/141/picks/ "HTTP/1.1 200 OK"
2026-03-21 00:17:47,793 - INFO - HTTP Request: GET https://nbafantasy.nba.com/api/entry/6/event/141/picks/ "HTTP/1.1 200 OK"
2026-03-21 00:17:48,393 - INFO - HTTP Request: GET https://nbafantasy.nba.com/api/entry/5101/event/141/picks/ "HTTP/1.1 200 OK"
2026-03-21 00:17:48,974 - INFO - HTTP Request: GET https://nbafantasy.nba.com/api/entry/9/event/141/picks/ "HTTP/1.1 200 OK"
2026-03-21 00:17:49,559 - INFO - HTTP Request: GET https://nbafantasy.nba.com/api/entry/42/event/141/picks/ "HTTP/1.1 200 OK"
2026-03-21 00:17:50,163 - INFO - HTTP Request: GET https://nbafantasy.nba.com/api/entry/4319/event/141/picks/ "HTTP/1.1 200 OK"
2026-03-21 00:17:50,760 - INFO - HTTP Request: GET https://nbafantasy.nba.com/api/entry/6562/event/141/picks/ "HTTP/1.1 200 OK"
